\BOOKMARK [0][-]{title.0}{\376\377\000T\000i\000t\000l\000e\000p\000a\000g\000e}{}% 1
\BOOKMARK [1][-]{copyright.1}{\376\377\000C\000o\000p\000y\000r\000i\000g\000h\000t}{title.0}% 2
\BOOKMARK [1][-]{acknowledgements.1}{\376\377\000A\000c\000k\000n\000o\000w\000l\000e\000d\000g\000e\000m\000e\000n\000t\000s}{title.0}% 3
\BOOKMARK [0][-]{toc.0}{\376\377\000T\000a\000b\000l\000e\000\040\000o\000f\000\040\000C\000o\000n\000t\000e\000n\000t\000s}{}% 4
\BOOKMARK [0][-]{Tables.0}{\376\377\000L\000i\000s\000t\000\040\000o\000f\000\040\000T\000a\000b\000l\000e\000s}{}% 5
\BOOKMARK [0][-]{Figures.0}{\376\377\000L\000i\000s\000t\000\040\000o\000f\000\040\000F\000i\000g\000u\000r\000e\000s}{}% 6
\BOOKMARK [0][-]{Algorithms.0}{\376\377\000L\000i\000s\000t\000\040\000o\000f\000\040\000A\000l\000g\000o\000r\000i\000t\000h\000m\000s}{}% 7
\BOOKMARK [0][-]{abstract.0}{\376\377\000A\000b\000s\000t\000r\000a\000c\000t}{}% 8
\BOOKMARK [0][-]{chapter.1}{\376\377\000C\000h\000a\000p\000t\000e\000r\000\040\0001\000\040\040\024\000\040\000I\000n\000t\000r\000o\000d\000u\000c\000t\000i\000o\000n}{}% 9
\BOOKMARK [1][-]{section*.9}{\376\377\000M\000o\000t\000i\000v\000a\000t\000i\000o\000n}{chapter.1}% 10
\BOOKMARK [1][-]{section*.10}{\376\377\000G\000o\000a\000l\000s\000\040\000a\000n\000d\000\040\000O\000b\000j\000e\000c\000t\000i\000v\000e\000s}{chapter.1}% 11
\BOOKMARK [2][-]{subsection*.11}{\376\377\000G\000o\000a\000l}{section*.10}% 12
\BOOKMARK [2][-]{subsection*.12}{\376\377\000O\000b\000j\000e\000c\000t\000i\000v\000e}{section*.10}% 13
\BOOKMARK [0][-]{chapter.2}{\376\377\000C\000h\000a\000p\000t\000e\000r\000\040\0002\000\040\040\024\000\040\000B\000a\000c\000k\000g\000r\000o\000u\000n\000d}{}% 14
\BOOKMARK [1][-]{section*.14}{\376\377\000G\000r\000a\000p\000h\000s\000\040\000E\000m\000b\000e\000d\000d\000i\000n\000g}{chapter.2}% 15
\BOOKMARK [1][-]{section*.16}{\376\377\000S\000p\000a\000r\000s\000e\000\040\000R\000e\000p\000r\000e\000s\000e\000n\000t\000a\000t\000i\000o\000n\000\040\000a\000n\000d\000\040\000D\000i\000c\000t\000i\000o\000n\000a\000r\000y\000\040\000L\000e\000a\000r\000n\000i\000n\000g}{chapter.2}% 16
\BOOKMARK [1][-]{section*.17}{\376\377\000F\000e\000a\000t\000u\000r\000e\000\040\000R\000a\000n\000k\000i\000n\000g}{chapter.2}% 17
\BOOKMARK [1][-]{section*.19}{\376\377\000H\000y\000p\000e\000r\000b\000o\000l\000i\000c\000\040\000S\000p\000a\000c\000e}{chapter.2}% 18
\BOOKMARK [0][-]{chapter.3}{\376\377\000C\000h\000a\000p\000t\000e\000r\000\040\0003\000\040\040\024\000\040\000P\000r\000e\000l\000i\000m\000i\000n\000a\000r\000y\000\040\000W\000o\000r\000k}{}% 19
\BOOKMARK [1][-]{section*.20}{\376\377\000T\000a\000s\000k\000\040\0001\000:\000\040\000G\000r\000a\000p\000h\000\040\000K\000S\000V\000D}{chapter.3}% 20
\BOOKMARK [2][-]{subsection*.23}{\376\377\000M\000e\000t\000h\000o\000d\000o\000l\000o\000g\000y}{section*.20}% 21
\BOOKMARK [2][-]{subsection*.24}{\376\377\000G\000r\000a\000p\000h\000\040\000N\000o\000t\000a\000t\000i\000o\000n\000\040\000a\000n\000d\000\040\000D\000e\000f\000i\000n\000i\000t\000i\000o\000n}{section*.20}% 22
\BOOKMARK [2][-]{subsection*.25}{\376\377\000W\000e\000i\000s\000f\000e\000i\000l\000e\000r\000-\000L\000e\000h\000m\000a\000n\000\040\000s\000u\000b\000-\000t\000r\000e\000e\000\040\000k\000e\000r\000n\000e\000l}{section*.20}% 23
\BOOKMARK [2][-]{subsection*.26}{\376\377\000V\000o\000c\000a\000b\000u\000l\000a\000r\000y\000\040\000C\000r\000e\000a\000t\000i\000o\000n}{section*.20}% 24
\BOOKMARK [2][-]{subsection*.27}{\376\377\000S\000p\000a\000r\000s\000e\000\040\000R\000e\000p\000r\000e\000s\000e\000n\000t\000a\000t\000i\000o\000n}{section*.20}% 25
\BOOKMARK [1][-]{section*.28}{\376\377\000T\000a\000s\000k\000\040\0002\000:\000\040\000F\000e\000a\000t\000u\000r\000e\000\040\000R\000a\000n\000k\000i\000n\000g}{chapter.3}% 26
\BOOKMARK [2][-]{subsection*.29}{\376\377\000P\000r\000o\000b\000l\000e\000m}{section*.28}% 27
\BOOKMARK [2][-]{subsection*.30}{\376\377\000A\000\040\000S\000o\000l\000u\000t\000i\000o\000n}{section*.28}% 28
\BOOKMARK [2][-]{subsection*.32}{\376\377\000P\000r\000o\000p\000o\000s\000e\000d\000\040\000S\000p\000a\000r\000s\000e\000\040\000R\000e\000p\000r\000e\000s\000e\000n\000t\000a\000t\000i\000o\000n\000\040\000B\000a\000s\000e\000d\000\040\000F\000R\000\040\000m\000e\000t\000r\000i\000c\000s}{section*.28}% 29
\BOOKMARK [3][-]{subsubsection*.34}{\376\377\000D\000i\000c\000t\000i\000o\000n\000a\000r\000y\000\040\000m\000a\000p\000p\000i\000n\000g}{subsection*.32}% 30
\BOOKMARK [3][-]{subsubsection*.35}{\376\377\000D\000i\000c\000t\000i\000o\000n\000a\000r\000y\000\040\000u\000t\000i\000l\000i\000z\000a\000t\000i\000o\000n}{subsection*.32}% 31
\BOOKMARK [1][-]{section*.38}{\376\377\000T\000a\000s\000k\000\040\0003\000:\000\040\000H\000y\000p\000e\000r\000b\000o\000l\000i\000c\000\040\000g\000r\000a\000p\000h\000\040\000e\000m\000b\000e\000d\000d\000i\000n\000g}{chapter.3}% 32
\BOOKMARK [0][-]{chapter.4}{\376\377\000C\000h\000a\000p\000t\000e\000r\000\040\0004\000\040\040\024\000\040\000P\000r\000o\000p\000o\000s\000e\000d\000\040\000W\000o\000r\000k}{}% 33
\BOOKMARK [1][-]{section*.39}{\376\377\000T\000a\000s\000k\000\040\0001\000:}{chapter.4}% 34
\BOOKMARK [1][-]{section*.40}{\376\377\000T\000a\000s\000k\000\040\0002\000:\000\040\000F\000e\000t\000u\000r\000e\000\040\000R\000a\000n\000k\000i\000n\000g}{chapter.4}% 35
\BOOKMARK [2][-]{subsection*.42}{\376\377\000t\000a\000s\000k\000s}{section*.40}% 36
\BOOKMARK [1][-]{section*.43}{\376\377\000T\000a\000s\000k\000\040\0003\000:}{chapter.4}% 37
\BOOKMARK [1][-]{section*.44}{\376\377\000T\000i\000m\000e\000l\000i\000n\000e}{chapter.4}% 38
